{"C:\\Projetos\\Teste Smart Envios\\schemas.js": {"path":"C:\\Projetos\\Teste Smart Envios\\schemas.js","statementMap":{"0":{"start":{"line":3,"column":31},"end":{"line":7,"column":2}},"1":{"start":{"line":9,"column":26},"end":{"line":12,"column":2}}},"fnMap":{},"branchMap":{},"s":{"0":1,"1":1},"f":{},"b":{},"_coverageSchema":"1a1c01bbd47fc00a2c39e90264f33305004495a9","hash":"77ac6821f83afada9527ac47c3de9c5f800d9a06"}
,"C:\\Projetos\\Teste Smart Envios\\server.js": {"path":"C:\\Projetos\\Teste Smart Envios\\server.js","statementMap":{"0":{"start":{"line":9,"column":15},"end":{"line":9,"column":33}},"1":{"start":{"line":10,"column":12},"end":{"line":10,"column":21}},"2":{"start":{"line":11,"column":0},"end":{"line":11,"column":23}},"3":{"start":{"line":13,"column":0},"end":{"line":13,"column":63}},"4":{"start":{"line":17,"column":20},"end":{"line":25,"column":2}},"5":{"start":{"line":28,"column":0},"end":{"line":44,"column":2}},"6":{"start":{"line":29,"column":22},"end":{"line":29,"column":56}},"7":{"start":{"line":30,"column":4},"end":{"line":32,"column":5}},"8":{"start":{"line":31,"column":8},"end":{"line":31,"column":72}},"9":{"start":{"line":33,"column":4},"end":{"line":43,"column":5}},"10":{"start":{"line":34,"column":33},"end":{"line":39,"column":10}},"11":{"start":{"line":40,"column":8},"end":{"line":40,"column":46}},"12":{"start":{"line":42,"column":8},"end":{"line":42,"column":17}},"13":{"start":{"line":47,"column":0},"end":{"line":72,"column":2}},"14":{"start":{"line":48,"column":22},"end":{"line":48,"column":56}},"15":{"start":{"line":49,"column":4},"end":{"line":51,"column":5}},"16":{"start":{"line":50,"column":8},"end":{"line":50,"column":72}},"17":{"start":{"line":52,"column":4},"end":{"line":71,"column":5}},"18":{"start":{"line":53,"column":26},"end":{"line":55,"column":10}},"19":{"start":{"line":56,"column":8},"end":{"line":58,"column":9}},"20":{"start":{"line":57,"column":12},"end":{"line":57,"column":73}},"21":{"start":{"line":60,"column":33},"end":{"line":67,"column":10}},"22":{"start":{"line":68,"column":8},"end":{"line":68,"column":46}},"23":{"start":{"line":70,"column":8},"end":{"line":70,"column":17}},"24":{"start":{"line":75,"column":0},"end":{"line":106,"column":2}},"25":{"start":{"line":76,"column":22},"end":{"line":76,"column":51}},"26":{"start":{"line":77,"column":4},"end":{"line":79,"column":5}},"27":{"start":{"line":78,"column":8},"end":{"line":78,"column":72}},"28":{"start":{"line":80,"column":4},"end":{"line":105,"column":5}},"29":{"start":{"line":81,"column":28},"end":{"line":86,"column":10}},"30":{"start":{"line":88,"column":8},"end":{"line":88,"column":41}},"31":{"start":{"line":91,"column":8},"end":{"line":101,"column":9}},"32":{"start":{"line":92,"column":12},"end":{"line":98,"column":14}},"33":{"start":{"line":100,"column":12},"end":{"line":100,"column":85}},"34":{"start":{"line":104,"column":8},"end":{"line":104,"column":17}},"35":{"start":{"line":109,"column":0},"end":{"line":111,"column":2}},"36":{"start":{"line":110,"column":4},"end":{"line":110,"column":25}},"37":{"start":{"line":114,"column":0},"end":{"line":117,"column":2}},"38":{"start":{"line":115,"column":4},"end":{"line":115,"column":28}},"39":{"start":{"line":116,"column":4},"end":{"line":116,"column":75}},"40":{"start":{"line":122,"column":0},"end":{"line":124,"column":2}},"41":{"start":{"line":123,"column":4},"end":{"line":123,"column":49}}},"fnMap":{"0":{"name":"(anonymous_0)","decl":{"start":{"line":28,"column":23},"end":{"line":28,"column":24}},"loc":{"start":{"line":28,"column":49},"end":{"line":44,"column":1}},"line":28},"1":{"name":"(anonymous_1)","decl":{"start":{"line":47,"column":26},"end":{"line":47,"column":27}},"loc":{"start":{"line":47,"column":52},"end":{"line":72,"column":1}},"line":47},"2":{"name":"(anonymous_2)","decl":{"start":{"line":75,"column":18},"end":{"line":75,"column":19}},"loc":{"start":{"line":75,"column":44},"end":{"line":106,"column":1}},"line":75},"3":{"name":"(anonymous_3)","decl":{"start":{"line":109,"column":17},"end":{"line":109,"column":18}},"loc":{"start":{"line":109,"column":31},"end":{"line":111,"column":1}},"line":109},"4":{"name":"(anonymous_4)","decl":{"start":{"line":114,"column":8},"end":{"line":114,"column":9}},"loc":{"start":{"line":114,"column":33},"end":{"line":117,"column":1}},"line":114},"5":{"name":"(anonymous_5)","decl":{"start":{"line":122,"column":17},"end":{"line":122,"column":18}},"loc":{"start":{"line":122,"column":23},"end":{"line":124,"column":1}},"line":122}},"branchMap":{"0":{"loc":{"start":{"line":30,"column":4},"end":{"line":32,"column":5}},"type":"if","locations":[{"start":{"line":30,"column":4},"end":{"line":32,"column":5}},{"start":{},"end":{}}],"line":30},"1":{"loc":{"start":{"line":49,"column":4},"end":{"line":51,"column":5}},"type":"if","locations":[{"start":{"line":49,"column":4},"end":{"line":51,"column":5}},{"start":{},"end":{}}],"line":49},"2":{"loc":{"start":{"line":56,"column":8},"end":{"line":58,"column":9}},"type":"if","locations":[{"start":{"line":56,"column":8},"end":{"line":58,"column":9}},{"start":{},"end":{}}],"line":56},"3":{"loc":{"start":{"line":77,"column":4},"end":{"line":79,"column":5}},"type":"if","locations":[{"start":{"line":77,"column":4},"end":{"line":79,"column":5}},{"start":{},"end":{}}],"line":77},"4":{"loc":{"start":{"line":116,"column":34},"end":{"line":116,"column":72}},"type":"binary-expr","locations":[{"start":{"line":116,"column":34},"end":{"line":116,"column":45}},{"start":{"line":116,"column":49},"end":{"line":116,"column":72}}],"line":116}},"s":{"0":1,"1":1,"2":1,"3":1,"4":1,"5":1,"6":2,"7":2,"8":1,"9":1,"10":1,"11":1,"12":0,"13":1,"14":2,"15":2,"16":0,"17":2,"18":2,"19":2,"20":1,"21":1,"22":1,"23":0,"24":1,"25":2,"26":2,"27":1,"28":1,"29":1,"30":1,"31":1,"32":1,"33":0,"34":0,"35":1,"36":0,"37":1,"38":0,"39":0,"40":1,"41":1},"f":{"0":2,"1":2,"2":2,"3":0,"4":0,"5":1},"b":{"0":[1,1],"1":[0,2],"2":[1,1],"3":[1,1],"4":[0,0]},"_coverageSchema":"1a1c01bbd47fc00a2c39e90264f33305004495a9","hash":"41fe2050b9ea9b93090caa3d4bb7919d8a9c0d69"}
}
