{"C:\\Projetos\\Teste Smart Envios\\schemas.js": {"path":"C:\\Projetos\\Teste Smart Envios\\schemas.js","statementMap":{"0":{"start":{"line":3,"column":31},"end":{"line":7,"column":2}},"1":{"start":{"line":9,"column":26},"end":{"line":12,"column":2}}},"fnMap":{},"branchMap":{},"s":{"0":1,"1":1},"f":{},"b":{},"_coverageSchema":"1a1c01bbd47fc00a2c39e90264f33305004495a9","hash":"77ac6821f83afada9527ac47c3de9c5f800d9a06"}
,"C:\\Projetos\\Teste Smart Envios\\server.js": {"path":"C:\\Projetos\\Teste Smart Envios\\server.js","statementMap":{"0":{"start":{"line":9,"column":15},"end":{"line":9,"column":33}},"1":{"start":{"line":10,"column":12},"end":{"line":10,"column":21}},"2":{"start":{"line":11,"column":0},"end":{"line":11,"column":23}},"3":{"start":{"line":14,"column":24},"end":{"line":18,"column":2}},"4":{"start":{"line":20,"column":19},"end":{"line":23,"column":2}},"5":{"start":{"line":26,"column":20},"end":{"line":34,"column":2}},"6":{"start":{"line":37,"column":0},"end":{"line":53,"column":3}},"7":{"start":{"line":38,"column":22},"end":{"line":38,"column":56}},"8":{"start":{"line":39,"column":4},"end":{"line":41,"column":5}},"9":{"start":{"line":40,"column":8},"end":{"line":40,"column":73}},"10":{"start":{"line":42,"column":4},"end":{"line":52,"column":5}},"11":{"start":{"line":43,"column":33},"end":{"line":48,"column":10}},"12":{"start":{"line":49,"column":8},"end":{"line":49,"column":47}},"13":{"start":{"line":51,"column":8},"end":{"line":51,"column":18}},"14":{"start":{"line":56,"column":0},"end":{"line":81,"column":3}},"15":{"start":{"line":57,"column":22},"end":{"line":57,"column":56}},"16":{"start":{"line":58,"column":4},"end":{"line":60,"column":5}},"17":{"start":{"line":59,"column":8},"end":{"line":59,"column":73}},"18":{"start":{"line":61,"column":4},"end":{"line":80,"column":5}},"19":{"start":{"line":62,"column":26},"end":{"line":64,"column":10}},"20":{"start":{"line":65,"column":8},"end":{"line":67,"column":9}},"21":{"start":{"line":66,"column":12},"end":{"line":66,"column":74}},"22":{"start":{"line":69,"column":33},"end":{"line":76,"column":10}},"23":{"start":{"line":77,"column":8},"end":{"line":77,"column":47}},"24":{"start":{"line":79,"column":8},"end":{"line":79,"column":18}},"25":{"start":{"line":84,"column":0},"end":{"line":115,"column":3}},"26":{"start":{"line":85,"column":22},"end":{"line":85,"column":51}},"27":{"start":{"line":86,"column":4},"end":{"line":88,"column":5}},"28":{"start":{"line":87,"column":8},"end":{"line":87,"column":73}},"29":{"start":{"line":89,"column":4},"end":{"line":114,"column":5}},"30":{"start":{"line":90,"column":28},"end":{"line":95,"column":10}},"31":{"start":{"line":97,"column":8},"end":{"line":97,"column":42}},"32":{"start":{"line":100,"column":8},"end":{"line":110,"column":9}},"33":{"start":{"line":101,"column":12},"end":{"line":107,"column":15}},"34":{"start":{"line":109,"column":12},"end":{"line":109,"column":86}},"35":{"start":{"line":113,"column":8},"end":{"line":113,"column":18}},"36":{"start":{"line":118,"column":0},"end":{"line":120,"column":2}},"37":{"start":{"line":123,"column":0},"end":{"line":126,"column":3}},"38":{"start":{"line":124,"column":4},"end":{"line":124,"column":29}},"39":{"start":{"line":125,"column":4},"end":{"line":125,"column":76}},"40":{"start":{"line":130,"column":0},"end":{"line":132,"column":2}},"41":{"start":{"line":131,"column":4},"end":{"line":131,"column":49}}},"fnMap":{"0":{"name":"(anonymous_0)","decl":{"start":{"line":37,"column":23},"end":{"line":37,"column":24}},"loc":{"start":{"line":37,"column":49},"end":{"line":53,"column":1}},"line":37},"1":{"name":"(anonymous_1)","decl":{"start":{"line":56,"column":26},"end":{"line":56,"column":27}},"loc":{"start":{"line":56,"column":52},"end":{"line":81,"column":1}},"line":56},"2":{"name":"(anonymous_2)","decl":{"start":{"line":84,"column":18},"end":{"line":84,"column":19}},"loc":{"start":{"line":84,"column":44},"end":{"line":115,"column":1}},"line":84},"3":{"name":"(anonymous_3)","decl":{"start":{"line":118,"column":17},"end":{"line":118,"column":18}},"loc":{"start":{"line":118,"column":31},"end":{"line":120,"column":1}},"line":118},"4":{"name":"(anonymous_4)","decl":{"start":{"line":123,"column":8},"end":{"line":123,"column":9}},"loc":{"start":{"line":123,"column":33},"end":{"line":126,"column":1}},"line":123},"5":{"name":"(anonymous_5)","decl":{"start":{"line":130,"column":17},"end":{"line":130,"column":18}},"loc":{"start":{"line":130,"column":23},"end":{"line":132,"column":1}},"line":130}},"branchMap":{"0":{"loc":{"start":{"line":39,"column":4},"end":{"line":41,"column":5}},"type":"if","locations":[{"start":{"line":39,"column":4},"end":{"line":41,"column":5}},{"start":{},"end":{}}],"line":39},"1":{"loc":{"start":{"line":58,"column":4},"end":{"line":60,"column":5}},"type":"if","locations":[{"start":{"line":58,"column":4},"end":{"line":60,"column":5}},{"start":{},"end":{}}],"line":58},"2":{"loc":{"start":{"line":65,"column":8},"end":{"line":67,"column":9}},"type":"if","locations":[{"start":{"line":65,"column":8},"end":{"line":67,"column":9}},{"start":{},"end":{}}],"line":65},"3":{"loc":{"start":{"line":86,"column":4},"end":{"line":88,"column":5}},"type":"if","locations":[{"start":{"line":86,"column":4},"end":{"line":88,"column":5}},{"start":{},"end":{}}],"line":86},"4":{"loc":{"start":{"line":125,"column":34},"end":{"line":125,"column":72}},"type":"binary-expr","locations":[{"start":{"line":125,"column":34},"end":{"line":125,"column":45}},{"start":{"line":125,"column":49},"end":{"line":125,"column":72}}],"line":125}},"s":{"0":1,"1":1,"2":1,"3":1,"4":1,"5":1,"6":1,"7":2,"8":2,"9":1,"10":1,"11":1,"12":1,"13":0,"14":1,"15":2,"16":2,"17":0,"18":2,"19":2,"20":2,"21":1,"22":1,"23":1,"24":0,"25":1,"26":2,"27":2,"28":1,"29":1,"30":1,"31":1,"32":1,"33":1,"34":0,"35":0,"36":1,"37":1,"38":0,"39":0,"40":1,"41":1},"f":{"0":2,"1":2,"2":2,"3":0,"4":0,"5":1},"b":{"0":[1,1],"1":[0,2],"2":[1,1],"3":[1,1],"4":[0,0]},"_coverageSchema":"1a1c01bbd47fc00a2c39e90264f33305004495a9","hash":"072d5b9798096d761731392cfb5ec6d4913f3fc8"}
}
