TN:
SF:schemas.js
FNF:0
FNH:0
DA:3,1
DA:9,1
LF:2
LH:2
BRF:0
BRH:0
end_of_record
TN:
SF:server.js
FN:37,(anonymous_0)
FN:56,(anonymous_1)
FN:84,(anonymous_2)
FN:118,(anonymous_3)
FN:123,(anonymous_4)
FN:130,(anonymous_5)
FNF:6
FNH:4
FNDA:2,(anonymous_0)
FNDA:2,(anonymous_1)
FNDA:2,(anonymous_2)
FNDA:0,(anonymous_3)
FNDA:0,(anonymous_4)
FNDA:1,(anonymous_5)
DA:9,1
DA:10,1
DA:11,1
DA:14,1
DA:20,1
DA:26,1
DA:37,1
DA:38,2
DA:39,2
DA:40,1
DA:42,1
DA:43,1
DA:49,1
DA:51,0
DA:56,1
DA:57,2
DA:58,2
DA:59,0
DA:61,2
DA:62,2
DA:65,2
DA:66,1
DA:69,1
DA:77,1
DA:79,0
DA:84,1
DA:85,2
DA:86,2
DA:87,1
DA:89,1
DA:90,1
DA:97,1
DA:100,1
DA:101,1
DA:109,0
DA:113,0
DA:118,1
DA:123,1
DA:124,0
DA:125,0
DA:130,1
DA:131,1
LF:42
LH:35
BRDA:39,0,0,1
BRDA:39,0,1,1
BRDA:58,1,0,0
BRDA:58,1,1,2
BRDA:65,2,0,1
BRDA:65,2,1,1
BRDA:86,3,0,1
BRDA:86,3,1,1
BRDA:125,4,0,0
BRDA:125,4,1,0
BRF:10
BRH:7
end_of_record
