TN:
SF:schemas.js
FNF:0
FNH:0
DA:3,1
DA:9,1
LF:2
LH:2
BRF:0
BRH:0
end_of_record
TN:
SF:server.js
FN:28,(anonymous_0)
FN:47,(anonymous_1)
FN:75,(anonymous_2)
FN:109,(anonymous_3)
FN:114,(anonymous_4)
FN:122,(anonymous_5)
FNF:6
FNH:4
FNDA:2,(anonymous_0)
FNDA:2,(anonymous_1)
FNDA:2,(anonymous_2)
FNDA:0,(anonymous_3)
FNDA:0,(anonymous_4)
FNDA:1,(anonymous_5)
DA:9,1
DA:10,1
DA:11,1
DA:13,1
DA:17,1
DA:28,1
DA:29,2
DA:30,2
DA:31,1
DA:33,1
DA:34,1
DA:40,1
DA:42,0
DA:47,1
DA:48,2
DA:49,2
DA:50,0
DA:52,2
DA:53,2
DA:56,2
DA:57,1
DA:60,1
DA:68,1
DA:70,0
DA:75,1
DA:76,2
DA:77,2
DA:78,1
DA:80,1
DA:81,1
DA:88,1
DA:91,1
DA:92,1
DA:100,0
DA:104,0
DA:109,1
DA:110,0
DA:114,1
DA:115,0
DA:116,0
DA:122,1
DA:123,1
LF:42
LH:34
BRDA:30,0,0,1
BRDA:30,0,1,1
BRDA:49,1,0,0
BRDA:49,1,1,2
BRDA:56,2,0,1
BRDA:56,2,1,1
BRDA:77,3,0,1
BRDA:77,3,1,1
BRDA:116,4,0,0
BRDA:116,4,1,0
BRF:10
BRH:7
end_of_record
